<?xml version="1.0" encoding="UTF-8"?>
<testsuite name="com.apress.prospring5.ch4.config.ProfilesJavaConfigTest" tests="1" skipped="0" failures="0" errors="0" timestamp="2018-10-16T18:47:07" hostname="DESKTOP-5NR5OME" time="0.001">
  <properties/>
  <testcase name="testProvider" classname="com.apress.prospring5.ch4.config.ProfilesJavaConfigTest" time="0.001"/>
  <system-out><![CDATA[]]></system-out>
  <system-err><![CDATA[]]></system-err>
</testsuite>
