<?xml version="1.0" encoding="UTF-8"?>
<testsuite name="com.apress.prospring5.ch3.xml.BeanNamingTest" tests="1" skipped="0" failures="0" errors="0" timestamp="2018-10-16T18:46:57" hostname="DESKTOP-5NR5OME" time="0.361">
  <properties/>
  <testcase name="testNaming" classname="com.apress.prospring5.ch3.xml.BeanNamingTest" time="0.361"/>
  <system-out><![CDATA[string1
string2
java.lang.String#0
java.lang.String#1
]]></system-out>
  <system-err><![CDATA[]]></system-err>
</testsuite>
