<?xml version="1.0" encoding="UTF-8"?>
<testsuite name="com.apress.prospring5.ch5.AspectJAnnotationTest" tests="2" skipped="0" failures="0" errors="0" timestamp="2018-12-16T17:25:37" hostname="DESKTOP-5NR5OME" time="1.076">
  <properties/>
  <testcase name="xmlTest" classname="com.apress.prospring5.ch5.AspectJAnnotationTest" time="1.008"/>
  <testcase name="configTest" classname="com.apress.prospring5.ch5.AspectJAnnotationTest" time="0.068"/>
  <system-out><![CDATA[18:25:37,133 |-INFO in ch.qos.logback.classic.LoggerContext[default] - Could NOT find resource [logback-test.xml]
18:25:37,133 |-INFO in ch.qos.logback.classic.LoggerContext[default] - Could NOT find resource [logback.groovy]
18:25:37,133 |-INFO in ch.qos.logback.classic.LoggerContext[default] - Found resource [logback.xml] at [file:/C:/Users/maurilio-pc/git/java/proSpring5/chapter05/aspectj-annotations/build/resources/test/logback.xml]
18:25:37,134 |-WARN in ch.qos.logback.classic.LoggerContext[default] - Resource [logback.xml] occurs multiple times on the classpath.
18:25:37,134 |-WARN in ch.qos.logback.classic.LoggerContext[default] - Resource [logback.xml] occurs at [jar:file:/C:/Users/maurilio-pc/git/java/proSpring5/chapter05/aop-hello-world/build/libs/aop-hello-world-5.0-SNAPSHOT.jar!/logback.xml]
18:25:37,134 |-WARN in ch.qos.logback.classic.LoggerContext[default] - Resource [logback.xml] occurs at [file:/C:/Users/maurilio-pc/git/java/proSpring5/chapter05/aspectj-annotations/build/resources/test/logback.xml]
18:25:37,134 |-WARN in ch.qos.logback.classic.LoggerContext[default] - Resource [logback.xml] occurs at [jar:file:/C:/Users/maurilio-pc/git/java/proSpring5/chapter02/hello-world/build/libs/hello-world-5.0-SNAPSHOT.jar!/logback.xml]
18:25:37,194 |-INFO in ch.qos.logback.classic.joran.action.ConfigurationAction - debug attribute not set
18:25:37,196 |-INFO in ch.qos.logback.classic.joran.action.LoggerContextListenerAction - Adding LoggerContextListener of type [ch.qos.logback.classic.jul.LevelChangePropagator] to the object stack
18:25:37,206 |-INFO in ch.qos.logback.classic.jul.LevelChangePropagator@457a3283 - Propagating DEBUG level on Logger[ROOT] onto the JUL framework
18:25:37,206 |-INFO in ch.qos.logback.classic.joran.action.LoggerContextListenerAction - Starting LoggerContextListener
18:25:37,206 |-INFO in ch.qos.logback.core.joran.action.AppenderAction - About to instantiate appender of type [ch.qos.logback.core.ConsoleAppender]
18:25:37,209 |-INFO in ch.qos.logback.core.joran.action.AppenderAction - Naming appender as [console]
18:25:37,211 |-INFO in ch.qos.logback.core.joran.action.NestedComplexPropertyIA - Assuming default type [ch.qos.logback.classic.encoder.PatternLayoutEncoder] for [encoder] property
18:25:37,254 |-INFO in ch.qos.logback.classic.joran.action.LoggerAction - Setting level of logger [com.apress.prospring5.ch5] to DEBUG
18:25:37,254 |-INFO in ch.qos.logback.classic.jul.LevelChangePropagator@457a3283 - Propagating DEBUG level on Logger[com.apress.prospring5.ch5] onto the JUL framework
18:25:37,254 |-INFO in ch.qos.logback.classic.joran.action.LoggerAction - Setting level of logger [org.springframework] to OFF
18:25:37,254 |-INFO in ch.qos.logback.classic.jul.LevelChangePropagator@457a3283 - Propagating OFF level on Logger[org.springframework] onto the JUL framework
18:25:37,254 |-INFO in ch.qos.logback.classic.joran.action.RootLoggerAction - Setting level of ROOT logger to INFO
18:25:37,254 |-INFO in ch.qos.logback.classic.jul.LevelChangePropagator@457a3283 - Propagating INFO level on Logger[ROOT] onto the JUL framework
18:25:37,254 |-INFO in ch.qos.logback.core.joran.action.AppenderRefAction - Attaching appender named [console] to Logger[ROOT]
18:25:37,255 |-INFO in ch.qos.logback.classic.joran.action.ConfigurationAction - End of configuration.
18:25:37,256 |-INFO in ch.qos.logback.classic.joran.JoranConfigurator@4fa1d77e - Registering current configuration as safe fallback point

sing: Gravity is working against me
And gravity wants to bring me down
Before execution: com.apress.prospring5.ch5.GrammyGuitarist sing argument: Gibson
Executing: com.apress.prospring5.ch5.GrammyGuitarist sing argument: Gibson
play: G C G C Am D7
After execution: com.apress.prospring5.ch5.GrammyGuitarist sing argument: Gibson
talk
sing: Gravity is working against me
And gravity wants to bring me down
Before execution: com.apress.prospring5.ch5.GrammyGuitarist sing argument: Gibson
Executing: com.apress.prospring5.ch5.GrammyGuitarist sing argument: Gibson
play: G C G C Am D7
After execution: com.apress.prospring5.ch5.GrammyGuitarist sing argument: Gibson
talk
]]></system-out>
  <system-err><![CDATA[]]></system-err>
</testsuite>
