<?xml version="1.0" encoding="UTF-8"?>
<testsuite name="com.apress.prospring5.ch2.TestHelloWorldSpringDI" tests="1" skipped="0" failures="0" errors="0" timestamp="2018-10-19T18:29:43" hostname="DESKTOP-5NR5OME" time="0.131">
  <properties/>
  <testcase name="testHello" classname="com.apress.prospring5.ch2.TestHelloWorldSpringDI" time="0.131"/>
  <system-out><![CDATA[20:29:43.645 [Test worker] INFO  o.s.c.s.ClassPathXmlApplicationContext - Refreshing org.springframework.context.support.ClassPathXmlApplicationContext@159f40c1: startup date [Fri Oct 19 20:29:43 CEST 2018]; root of context hierarchy
20:29:43.654 [Test worker] INFO  o.s.b.f.x.XmlBeanDefinitionReader - Loading XML bean definitions from class path resource [spring/app-context.xml]
 --> HelloWorldMessageProvider: constructor caled
 --> StandardOutMessageRenderer: constructor called
 --> StandardOutMessageRenderer: setting the provider
]]></system-out>
  <system-err><![CDATA[]]></system-err>
</testsuite>
