<?xml version="1.0" encoding="UTF-8"?>
<testsuite name="com.apress.prospring5.ch2.TestHelloWorldSpringAnnotated" tests="1" skipped="0" failures="0" errors="0" timestamp="2018-10-19T13:21:00" hostname="maurilio-nuc" time="0.666">
  <properties/>
  <testcase name="testHello" classname="com.apress.prospring5.ch2.TestHelloWorldSpringAnnotated" time="0.666"/>
  <system-out><![CDATA[14:21:00.364 [Test worker] INFO  o.s.c.a.AnnotationConfigApplicationContext - Refreshing org.springframework.context.annotation.AnnotationConfigApplicationContext@456a70d2: startup date [Fri Oct 19 14:21:00 BST 2018]; root of context hierarchy
 --> HelloWorldMessageProvider: constructor caled
 --> StandardOutMessageRenderer: constructor called
 --> StandardOutMessageRenderer: setting the provider
]]></system-out>
  <system-err><![CDATA[]]></system-err>
</testsuite>
